Release 14.2 - xst P.28xd (nt64)
Copyright (c) 1995-2012 Xilinx, Inc.  All rights reserved.
--> Parameter TMPDIR set to xst/projnav.tmp


Total REAL time to Xst completion: 0.00 secs
Total CPU time to Xst completion: 0.46 secs
 
--> Parameter xsthdpdir set to xst


Total REAL time to Xst completion: 0.00 secs
Total CPU time to Xst completion: 0.46 secs
 
--> Reading design: Cpt_3bits.prj

TABLE OF CONTENTS
  1) Synthesis Options Summary
  2) HDL Compilation
  3) Design Hierarchy Analysis
  4) HDL Analysis
  5) HDL Synthesis
     5.1) HDL Synthesis Report
  6) Advanced HDL Synthesis
     6.1) Advanced HDL Synthesis Report
  7) Low Level Synthesis
  8) Partition Report
  9) Final Report
	9.1) Device utilization summary
	9.2) Partition Resource Summary
	9.3) TIMING REPORT


=========================================================================
*                      Synthesis Options Summary                        *
=========================================================================
---- Source Parameters
Input File Name                    : "Cpt_3bits.prj"
Input Format                       : mixed
Ignore Synthesis Constraint File   : NO

---- Target Parameters
Output File Name                   : "Cpt_3bits"
Output Format                      : NGC
Target Device                      : xc5vlx20t-1-ff323

---- Source Options
Top Module Name                    : Cpt_3bits
Automatic FSM Extraction           : YES
FSM Encoding Algorithm             : Auto
Safe Implementation                : No
FSM Style                          : LUT
RAM Extraction                     : Yes
RAM Style                          : Auto
ROM Extraction                     : Yes
Mux Style                          : Auto
Decoder Extraction                 : YES
Priority Encoder Extraction        : Yes
Shift Register Extraction          : YES
Logical Shifter Extraction         : YES
XOR Collapsing                     : YES
ROM Style                          : Auto
Mux Extraction                     : Yes
Resource Sharing                   : YES
Asynchronous To Synchronous        : NO
Use DSP Block                      : Auto
Automatic Register Balancing       : No

---- Target Options
LUT Combining                      : Auto
Reduce Control Sets                : Auto
Add IO Buffers                     : YES
Global Maximum Fanout              : 100000
Add Generic Clock Buffer(BUFG)     : 32
Register Duplication               : YES
Slice Packing                      : YES
Optimize Instantiated Primitives   : NO
Use Clock Enable                   : Auto
Use Synchronous Set                : Auto
Use Synchronous Reset              : Auto
Pack IO Registers into IOBs        : Auto
Equivalent register Removal        : YES

---- General Options
Optimization Goal                  : Speed
Optimization Effort                : 1
Power Reduction                    : NO
Keep Hierarchy                     : No
Netlist Hierarchy                  : As_Optimized
RTL Output                         : Yes
Global Optimization                : AllClockNets
Read Cores                         : YES
Write Timing Constraints           : NO
Cross Clock Analysis               : NO
Hierarchy Separator                : /
Bus Delimiter                      : <>
Case Specifier                     : Maintain
Slice Utilization Ratio            : 100
BRAM Utilization Ratio             : 100
DSP48 Utilization Ratio            : 100
Verilog 2001                       : YES
Auto BRAM Packing                  : NO
Slice Utilization Ratio Delta      : 5

=========================================================================


=========================================================================
*                          HDL Compilation                              *
=========================================================================
Compiling vhdl file "C:/Users/Amine/Desktop/WorkSpace/Xilinx/TP_VHDL_Diviseur/BistableT.vhd" in Library work.
Architecture arch_bistablet of Entity bistablet is up to date.
Compiling vhdl file "C:/Users/Amine/Desktop/WorkSpace/Xilinx/TP_VHDL_Diviseur/Cpt_3bits.vhd" in Library work.
Architecture arch_cpt_3bits of Entity cpt_3bits is up to date.

=========================================================================
*                     Design Hierarchy Analysis                         *
=========================================================================
Analyzing hierarchy for entity <Cpt_3bits> in library <work> (architecture <arch_cpt_3bits>).

Analyzing hierarchy for entity <BistableT> in library <work> (architecture <arch_bistablet>).


=========================================================================
*                            HDL Analysis                               *
=========================================================================
Analyzing Entity <Cpt_3bits> in library <work> (Architecture <arch_cpt_3bits>).
Entity <Cpt_3bits> analyzed. Unit <Cpt_3bits> generated.

Analyzing Entity <BistableT> in library <work> (Architecture <arch_bistablet>).
Entity <BistableT> analyzed. Unit <BistableT> generated.


=========================================================================
*                           HDL Synthesis                               *
=========================================================================

Performing bidirectional port resolution...

Synthesizing Unit <BistableT>.
    Related source file is "C:/Users/Amine/Desktop/WorkSpace/Xilinx/TP_VHDL_Diviseur/BistableT.vhd".
INFO:Xst:1608 - Relative priorities of control signals on register <temp> differ from those commonly found in the selected device family. This will result in additional logic around the register.
    Found 1-bit register for signal <temp>.
    Summary:
	inferred   1 D-type flip-flop(s).
Unit <BistableT> synthesized.


Synthesizing Unit <Cpt_3bits>.
    Related source file is "C:/Users/Amine/Desktop/WorkSpace/Xilinx/TP_VHDL_Diviseur/Cpt_3bits.vhd".
Unit <Cpt_3bits> synthesized.


=========================================================================
HDL Synthesis Report

Macro Statistics
# Registers                                            : 3
 1-bit register                                        : 3

=========================================================================

=========================================================================
*                       Advanced HDL Synthesis                          *
=========================================================================


=========================================================================
Advanced HDL Synthesis Report

Macro Statistics
# Registers                                            : 3
 Flip-Flops                                            : 3

=========================================================================

=========================================================================
*                         Low Level Synthesis                           *
=========================================================================

Optimizing unit <Cpt_3bits> ...

Mapping all equations...
Building and optimizing final netlist ...
Found area constraint ratio of 100 (+ 5) on block Cpt_3bits, actual ratio is 0.

Final Macro Processing ...

=========================================================================
Final Register Report

Macro Statistics
# Registers                                            : 3
 Flip-Flops                                            : 3

=========================================================================

=========================================================================
*                           Partition Report                            *
=========================================================================

Partition Implementation Status
-------------------------------

  No Partitions were found in this design.

-------------------------------

=========================================================================
*                            Final Report                               *
=========================================================================
Final Results
RTL Top Level Output File Name     : Cpt_3bits.ngr
Top Level Output File Name         : Cpt_3bits
Output Format                      : NGC
Optimization Goal                  : Speed
Keep Hierarchy                     : No

Design Statistics
# IOs                              : 6

Cell Usage :
# BELS                             : 4
#      GND                         : 1
#      LUT2                        : 1
#      LUT3                        : 1
#      LUT4                        : 1
# FlipFlops/Latches                : 3
#      FDCP                        : 3
# Clock Buffers                    : 1
#      BUFGP                       : 1
# IO Buffers                       : 5
#      IBUF                        : 2
#      OBUF                        : 3
=========================================================================

Device utilization summary:
---------------------------

Selected Device : 5vlx20tff323-1 


Slice Logic Utilization: 
 Number of Slice Registers:               3  out of  12480     0%  
 Number of Slice LUTs:                    3  out of  12480     0%  
    Number used as Logic:                 3  out of  12480     0%  

Slice Logic Distribution: 
 Number of LUT Flip Flop pairs used:      6
   Number with an unused Flip Flop:       3  out of      6    50%  
   Number with an unused LUT:             3  out of      6    50%  
   Number of fully used LUT-FF pairs:     0  out of      6     0%  
   Number of unique control sets:         1

IO Utilization: 
 Number of IOs:                           6
 Number of bonded IOBs:                   6  out of    172     3%  

Specific Feature Utilization:
 Number of BUFG/BUFGCTRLs:                1  out of     32     3%  

---------------------------
Partition Resource Summary:
---------------------------

  No Partitions were found in this design.

---------------------------


=========================================================================
TIMING REPORT

NOTE: THESE TIMING NUMBERS ARE ONLY A SYNTHESIS ESTIMATE.
      FOR ACCURATE TIMING INFORMATION PLEASE REFER TO THE TRACE REPORT
      GENERATED AFTER PLACE-and-ROUTE.

Clock Information:
------------------
-----------------------------------+------------------------+-------+
Clock Signal                       | Clock buffer(FF name)  | Load  |
-----------------------------------+------------------------+-------+
clk                                | BUFGP                  | 3     |
-----------------------------------+------------------------+-------+

Asynchronous Control Signals Information:
----------------------------------------
-----------------------------------+------------------------+-------+
Control Signal                     | Buffer(FF name)        | Load  |
-----------------------------------+------------------------+-------+
N0(XST_GND:G)                      | NONE(T0/temp)          | 3     |
init                               | IBUF                   | 3     |
-----------------------------------+------------------------+-------+

Timing Summary:
---------------
Speed Grade: -1

   Minimum period: 1.280ns (Maximum Frequency: 781.250MHz)
   Minimum input arrival time before clock: 1.712ns
   Maximum output required time after clock: 3.275ns
   Maximum combinational path delay: No path found

Timing Detail:
--------------
All values displayed in nanoseconds (ns)

=========================================================================
Timing constraint: Default period analysis for Clock 'clk'
  Clock period: 1.280ns (frequency: 781.250MHz)
  Total number of paths / destination ports: 6 / 3
-------------------------------------------------------------------------
Delay:               1.280ns (Levels of Logic = 1)
  Source:            T2/temp (FF)
  Destination:       T2/temp (FF)
  Source Clock:      clk rising
  Destination Clock: clk rising

  Data Path: T2/temp to T2/temp
                                Gate     Net
    Cell:in->out      fanout   Delay   Delay  Logical Name (Net Name)
    ----------------------------------------  ------------
     FDCP:C->Q             2   0.471   0.715  T2/temp (T2/temp)
     LUT4:I1->O            1   0.094   0.000  T2/temp_rstpot (T2/temp_rstpot)
     FDCP:D                   -0.018          T2/temp
    ----------------------------------------
    Total                      1.280ns (0.565ns logic, 0.715ns route)
                                       (44.1% logic, 55.9% route)

=========================================================================
Timing constraint: Default OFFSET IN BEFORE for Clock 'clk'
  Total number of paths / destination ports: 3 / 3
-------------------------------------------------------------------------
Offset:              1.712ns (Levels of Logic = 2)
  Source:            incr (PAD)
  Destination:       T2/temp (FF)
  Destination Clock: clk rising

  Data Path: incr to T2/temp
                                Gate     Net
    Cell:in->out      fanout   Delay   Delay  Logical Name (Net Name)
    ----------------------------------------  ------------
     IBUF:I->O             3   0.818   0.800  incr_IBUF (incr_IBUF)
     LUT4:I0->O            1   0.094   0.000  T2/temp_rstpot (T2/temp_rstpot)
     FDCP:D                   -0.018          T2/temp
    ----------------------------------------
    Total                      1.712ns (0.912ns logic, 0.800ns route)
                                       (53.3% logic, 46.7% route)

=========================================================================
Timing constraint: Default OFFSET OUT AFTER for Clock 'clk'
  Total number of paths / destination ports: 3 / 3
-------------------------------------------------------------------------
Offset:              3.275ns (Levels of Logic = 1)
  Source:            T0/temp (FF)
  Destination:       I<0> (PAD)
  Source Clock:      clk rising

  Data Path: T0/temp to I<0>
                                Gate     Net
    Cell:in->out      fanout   Delay   Delay  Logical Name (Net Name)
    ----------------------------------------  ------------
     FDCP:C->Q             4   0.471   0.352  T0/temp (T0/temp)
     OBUF:I->O                 2.452          I_0_OBUF (I<0>)
    ----------------------------------------
    Total                      3.275ns (2.923ns logic, 0.352ns route)
                                       (89.3% logic, 10.7% route)

=========================================================================


Total REAL time to Xst completion: 26.00 secs
Total CPU time to Xst completion: 25.69 secs
 
--> 

Total memory usage is 274164 kilobytes

Number of errors   :    0 (   0 filtered)
Number of warnings :    0 (   0 filtered)
Number of infos    :    1 (   0 filtered)

