Release 14.2 - xst P.28xd (nt64)
Copyright (c) 1995-2012 Xilinx, Inc.  All rights reserved.
--> Parameter TMPDIR set to xst/projnav.tmp


Total REAL time to Xst completion: 0.00 secs
Total CPU time to Xst completion: 0.37 secs
 
--> Parameter xsthdpdir set to xst


Total REAL time to Xst completion: 0.00 secs
Total CPU time to Xst completion: 0.37 secs
 
--> Reading design: Reg_8bits_complet.prj

TABLE OF CONTENTS
  1) Synthesis Options Summary
  2) HDL Compilation
  3) Design Hierarchy Analysis
  4) HDL Analysis
  5) HDL Synthesis
     5.1) HDL Synthesis Report
  6) Advanced HDL Synthesis
     6.1) Advanced HDL Synthesis Report
  7) Low Level Synthesis
  8) Partition Report
  9) Final Report
	9.1) Device utilization summary
	9.2) Partition Resource Summary
	9.3) TIMING REPORT


=========================================================================
*                      Synthesis Options Summary                        *
=========================================================================
---- Source Parameters
Input File Name                    : "Reg_8bits_complet.prj"
Input Format                       : mixed
Ignore Synthesis Constraint File   : NO

---- Target Parameters
Output File Name                   : "Reg_8bits_complet"
Output Format                      : NGC
Target Device                      : xc5vlx20t-1-ff323

---- Source Options
Top Module Name                    : Reg_8bits_complet
Automatic FSM Extraction           : YES
FSM Encoding Algorithm             : Auto
Safe Implementation                : No
FSM Style                          : LUT
RAM Extraction                     : Yes
RAM Style                          : Auto
ROM Extraction                     : Yes
Mux Style                          : Auto
Decoder Extraction                 : YES
Priority Encoder Extraction        : Yes
Shift Register Extraction          : YES
Logical Shifter Extraction         : YES
XOR Collapsing                     : YES
ROM Style                          : Auto
Mux Extraction                     : Yes
Resource Sharing                   : YES
Asynchronous To Synchronous        : NO
Use DSP Block                      : Auto
Automatic Register Balancing       : No

---- Target Options
LUT Combining                      : Auto
Reduce Control Sets                : Auto
Add IO Buffers                     : YES
Global Maximum Fanout              : 100000
Add Generic Clock Buffer(BUFG)     : 32
Register Duplication               : YES
Slice Packing                      : YES
Optimize Instantiated Primitives   : NO
Use Clock Enable                   : Auto
Use Synchronous Set                : Auto
Use Synchronous Reset              : Auto
Pack IO Registers into IOBs        : Auto
Equivalent register Removal        : YES

---- General Options
Optimization Goal                  : Speed
Optimization Effort                : 1
Power Reduction                    : NO
Keep Hierarchy                     : No
Netlist Hierarchy                  : As_Optimized
RTL Output                         : Yes
Global Optimization                : AllClockNets
Read Cores                         : YES
Write Timing Constraints           : NO
Cross Clock Analysis               : NO
Hierarchy Separator                : /
Bus Delimiter                      : <>
Case Specifier                     : Maintain
Slice Utilization Ratio            : 100
BRAM Utilization Ratio             : 100
DSP48 Utilization Ratio            : 100
Verilog 2001                       : YES
Auto BRAM Packing                  : NO
Slice Utilization Ratio Delta      : 5

=========================================================================


=========================================================================
*                          HDL Compilation                              *
=========================================================================
Compiling vhdl file "C:/Users/Amine/Desktop/WorkSpace/Xilinx/TP_VHDL_Diviseur/BistableD.vhd" in Library work.
Architecture arch_bistabled of Entity bistabled is up to date.
Compiling vhdl file "C:/Users/Amine/Desktop/WorkSpace/Xilinx/TP_VHDL_Diviseur/Comb_Reg_8bits.vhd" in Library work.
Architecture arch_comb_reg_8bits of Entity comb_reg_8bits is up to date.
Compiling vhdl file "C:/Users/Amine/Desktop/WorkSpace/Xilinx/TP_VHDL_Diviseur/Reg_8bits.vhd" in Library work.
Entity <reg_8bits> compiled.
Entity <reg_8bits> (Architecture <arch_reg_8bits>) compiled.
Compiling vhdl file "C:/Users/Amine/Desktop/WorkSpace/Xilinx/TP_VHDL_Diviseur/Reg_8bits_Complet.vhd" in Library work.
Architecture arch_reg_8bits_complet of Entity reg_8bits_complet is up to date.

=========================================================================
*                     Design Hierarchy Analysis                         *
=========================================================================
Analyzing hierarchy for entity <Reg_8bits_complet> in library <work> (architecture <arch_reg_8bits_complet>).

Analyzing hierarchy for entity <Comb_Reg_8bits> in library <work> (architecture <arch_comb_reg_8bits>).

Analyzing hierarchy for entity <Reg_8bits> in library <work> (architecture <arch_reg_8bits>).

Analyzing hierarchy for entity <BistableD> in library <work> (architecture <arch_bistabled>).


=========================================================================
*                            HDL Analysis                               *
=========================================================================
Analyzing Entity <Reg_8bits_complet> in library <work> (Architecture <arch_reg_8bits_complet>).
Entity <Reg_8bits_complet> analyzed. Unit <Reg_8bits_complet> generated.

Analyzing Entity <Comb_Reg_8bits> in library <work> (Architecture <arch_comb_reg_8bits>).
Entity <Comb_Reg_8bits> analyzed. Unit <Comb_Reg_8bits> generated.

Analyzing Entity <Reg_8bits> in library <work> (Architecture <arch_reg_8bits>).
Entity <Reg_8bits> analyzed. Unit <Reg_8bits> generated.

Analyzing Entity <BistableD> in library <work> (Architecture <arch_bistabled>).
Entity <BistableD> analyzed. Unit <BistableD> generated.


=========================================================================
*                           HDL Synthesis                               *
=========================================================================

Performing bidirectional port resolution...

Synthesizing Unit <Comb_Reg_8bits>.
    Related source file is "C:/Users/Amine/Desktop/WorkSpace/Xilinx/TP_VHDL_Diviseur/Comb_Reg_8bits.vhd".
Unit <Comb_Reg_8bits> synthesized.


Synthesizing Unit <BistableD>.
    Related source file is "C:/Users/Amine/Desktop/WorkSpace/Xilinx/TP_VHDL_Diviseur/BistableD.vhd".
INFO:Xst:1608 - Relative priorities of control signals on register <temp> differ from those commonly found in the selected device family. This will result in additional logic around the register.
    Found 1-bit register for signal <temp>.
    Summary:
	inferred   1 D-type flip-flop(s).
Unit <BistableD> synthesized.


Synthesizing Unit <Reg_8bits>.
    Related source file is "C:/Users/Amine/Desktop/WorkSpace/Xilinx/TP_VHDL_Diviseur/Reg_8bits.vhd".
Unit <Reg_8bits> synthesized.


Synthesizing Unit <Reg_8bits_complet>.
    Related source file is "C:/Users/Amine/Desktop/WorkSpace/Xilinx/TP_VHDL_Diviseur/Reg_8bits_Complet.vhd".
Unit <Reg_8bits_complet> synthesized.


=========================================================================
HDL Synthesis Report

Macro Statistics
# Registers                                            : 8
 1-bit register                                        : 8

=========================================================================

=========================================================================
*                       Advanced HDL Synthesis                          *
=========================================================================


=========================================================================
Advanced HDL Synthesis Report

Macro Statistics
# Registers                                            : 8
 Flip-Flops                                            : 8

=========================================================================

=========================================================================
*                         Low Level Synthesis                           *
=========================================================================

Optimizing unit <Reg_8bits_complet> ...

Optimizing unit <Reg_8bits> ...

Mapping all equations...
WARNING:Xst:2170 - Unit Reg_8bits_complet : the following signal(s) form a combinatorial loop: temp_sout_comb.
Building and optimizing final netlist ...
Found area constraint ratio of 100 (+ 5) on block Reg_8bits_complet, actual ratio is 0.

Final Macro Processing ...

=========================================================================
Final Register Report

Macro Statistics
# Registers                                            : 8
 Flip-Flops                                            : 8

=========================================================================

=========================================================================
*                           Partition Report                            *
=========================================================================

Partition Implementation Status
-------------------------------

  No Partitions were found in this design.

-------------------------------

=========================================================================
*                            Final Report                               *
=========================================================================
Final Results
RTL Top Level Output File Name     : Reg_8bits_complet.ngr
Top Level Output File Name         : Reg_8bits_complet
Output Format                      : NGC
Optimization Goal                  : Speed
Keep Hierarchy                     : No

Design Statistics
# IOs                              : 25

Cell Usage :
# BELS                             : 28
#      GND                         : 1
#      LUT2                        : 1
#      LUT3                        : 3
#      LUT5                        : 2
#      LUT6                        : 14
#      MUXF7                       : 7
# FlipFlops/Latches                : 8
#      FDCP                        : 8
# Clock Buffers                    : 1
#      BUFGP                       : 1
# IO Buffers                       : 24
#      IBUF                        : 15
#      OBUF                        : 9
=========================================================================

Device utilization summary:
---------------------------

Selected Device : 5vlx20tff323-1 


Slice Logic Utilization: 
 Number of Slice Registers:               8  out of  12480     0%  
 Number of Slice LUTs:                   20  out of  12480     0%  
    Number used as Logic:                20  out of  12480     0%  

Slice Logic Distribution: 
 Number of LUT Flip Flop pairs used:     20
   Number with an unused Flip Flop:      12  out of     20    60%  
   Number with an unused LUT:             0  out of     20     0%  
   Number of fully used LUT-FF pairs:     8  out of     20    40%  
   Number of unique control sets:         2

IO Utilization: 
 Number of IOs:                          25
 Number of bonded IOBs:                  25  out of    172    14%  

Specific Feature Utilization:
 Number of BUFG/BUFGCTRLs:                1  out of     32     3%  

---------------------------
Partition Resource Summary:
---------------------------

  No Partitions were found in this design.

---------------------------


=========================================================================
TIMING REPORT

NOTE: THESE TIMING NUMBERS ARE ONLY A SYNTHESIS ESTIMATE.
      FOR ACCURATE TIMING INFORMATION PLEASE REFER TO THE TRACE REPORT
      GENERATED AFTER PLACE-and-ROUTE.

Clock Information:
------------------
-----------------------------------+------------------------+-------+
Clock Signal                       | Clock buffer(FF name)  | Load  |
-----------------------------------+------------------------+-------+
clk                                | BUFGP                  | 8     |
-----------------------------------+------------------------+-------+

Asynchronous Control Signals Information:
----------------------------------------
---------------------------------------------+--------------------------+-------+
Control Signal                               | Buffer(FF name)          | Load  |
---------------------------------------------+--------------------------+-------+
N0(XST_GND:G)                                | NONE(Reg8/bcl[1].Di/temp)| 7     |
init                                         | IBUF                     | 7     |
Reg8/D0/temp_and0000(Reg8/D0/temp_and00001:O)| NONE(Reg8/D0/temp)       | 1     |
Reg8/preset_d0(Reg8/preset_d01:O)            | NONE(Reg8/D0/temp)       | 1     |
---------------------------------------------+--------------------------+-------+

Timing Summary:
---------------
Speed Grade: -1

   Minimum period: 1.912ns (Maximum Frequency: 523.013MHz)
   Minimum input arrival time before clock: 2.317ns
   Maximum output required time after clock: 4.612ns
   Maximum combinational path delay: 5.110ns

Timing Detail:
--------------
All values displayed in nanoseconds (ns)

=========================================================================
Timing constraint: Default period analysis for Clock 'clk'
  Clock period: 1.912ns (frequency: 523.013MHz)
  Total number of paths / destination ports: 32 / 8
-------------------------------------------------------------------------
Delay:               1.912ns (Levels of Logic = 2)
  Source:            Reg8/bcl[2].Di/temp (FF)
  Destination:       Reg8/bcl[2].Di/temp (FF)
  Source Clock:      clk rising
  Destination Clock: clk rising

  Data Path: Reg8/bcl[2].Di/temp to Reg8/bcl[2].Di/temp
                                Gate     Net
    Cell:in->out      fanout   Delay   Delay  Logical Name (Net Name)
    ----------------------------------------  ------------
     FDCP:C->Q             6   0.471   1.096  Reg8/bcl[2].Di/temp (Reg8/bcl[2].Di/temp)
     LUT6:I0->O            1   0.094   0.000  Comb/temp_s_2_or0002_F (N73)
     MUXF7:I0->O           1   0.251   0.000  Comb/temp_s_2_or0002 (temp_s_comb<2>)
     FDCP:D                   -0.018          Reg8/bcl[2].Di/temp
    ----------------------------------------
    Total                      1.912ns (0.816ns logic, 1.096ns route)
                                       (42.7% logic, 57.3% route)

=========================================================================
Timing constraint: Default OFFSET IN BEFORE for Clock 'clk'
  Total number of paths / destination ports: 60 / 8
-------------------------------------------------------------------------
Offset:              2.317ns (Levels of Logic = 3)
  Source:            load (PAD)
  Destination:       Reg8/D0/temp (FF)
  Destination Clock: clk rising

  Data Path: load to Reg8/D0/temp
                                Gate     Net
    Cell:in->out      fanout   Delay   Delay  Logical Name (Net Name)
    ----------------------------------------  ------------
     IBUF:I->O            16   0.818   1.151  load_IBUF (load_IBUF)
     LUT6:I0->O            1   0.094   0.000  Comb/temp_s_0_or0002_G (N64)
     MUXF7:I1->O           1   0.254   0.000  Comb/temp_s_0_or0002 (temp_s_comb<0>)
     FDCP:D                   -0.018          Reg8/D0/temp
    ----------------------------------------
    Total                      2.317ns (1.166ns logic, 1.151ns route)
                                       (50.3% logic, 49.7% route)

=========================================================================
Timing constraint: Default OFFSET OUT AFTER for Clock 'clk'
  Total number of paths / destination ports: 12 / 9
-------------------------------------------------------------------------
Offset:              4.612ns (Levels of Logic = 3)
  Source:            Reg8/bcl[7].Di/temp (FF)
  Destination:       s_out (PAD)
  Source Clock:      clk rising

  Data Path: Reg8/bcl[7].Di/temp to s_out
                                Gate     Net
    Cell:in->out      fanout   Delay   Delay  Logical Name (Net Name)
    ----------------------------------------  ------------
     FDCP:C->Q             6   0.471   1.000  Reg8/bcl[7].Di/temp (Reg8/bcl[7].Di/temp)
     LUT6:I1->O            1   0.094   0.000  Comb/temp1 (Comb/temp)
     MUXF7:I1->O           2   0.254   0.341  Comb/temp_f7 (temp_sout_comb)
     OBUF:I->O                 2.452          s_out_OBUF (s_out)
    ----------------------------------------
    Total                      4.612ns (3.271ns logic, 1.341ns route)
                                       (70.9% logic, 29.1% route)

=========================================================================
Timing constraint: Default path analysis
  Total number of paths / destination ports: 8 / 1
-------------------------------------------------------------------------
Delay:               5.110ns (Levels of Logic = 4)
  Source:            load (PAD)
  Destination:       s_out (PAD)

  Data Path: load to s_out
                                Gate     Net
    Cell:in->out      fanout   Delay   Delay  Logical Name (Net Name)
    ----------------------------------------  ------------
     IBUF:I->O            16   0.818   1.151  load_IBUF (load_IBUF)
     LUT6:I0->O            1   0.094   0.000  Comb/temp1 (Comb/temp)
     MUXF7:I1->O           2   0.254   0.341  Comb/temp_f7 (temp_sout_comb)
     OBUF:I->O                 2.452          s_out_OBUF (s_out)
    ----------------------------------------
    Total                      5.110ns (3.618ns logic, 1.492ns route)
                                       (70.8% logic, 29.2% route)

=========================================================================


Total REAL time to Xst completion: 30.00 secs
Total CPU time to Xst completion: 29.95 secs
 
--> 

Total memory usage is 305564 kilobytes

Number of errors   :    0 (   0 filtered)
Number of warnings :    1 (   0 filtered)
Number of infos    :    1 (   0 filtered)

