Release 14.2 - xst P.28xd (nt64)
Copyright (c) 1995-2012 Xilinx, Inc.  All rights reserved.
--> Parameter TMPDIR set to xst/projnav.tmp


Total REAL time to Xst completion: 0.00 secs
Total CPU time to Xst completion: 0.31 secs
 
--> Parameter xsthdpdir set to xst


Total REAL time to Xst completion: 0.00 secs
Total CPU time to Xst completion: 0.31 secs
 
--> Reading design: UAL.prj

TABLE OF CONTENTS
  1) Synthesis Options Summary
  2) HDL Compilation
  3) Design Hierarchy Analysis
  4) HDL Analysis
  5) HDL Synthesis
     5.1) HDL Synthesis Report
  6) Advanced HDL Synthesis
     6.1) Advanced HDL Synthesis Report
  7) Low Level Synthesis
  8) Partition Report
  9) Final Report
	9.1) Device utilization summary
	9.2) Partition Resource Summary
	9.3) TIMING REPORT


=========================================================================
*                      Synthesis Options Summary                        *
=========================================================================
---- Source Parameters
Input File Name                    : "UAL.prj"
Input Format                       : mixed
Ignore Synthesis Constraint File   : NO

---- Target Parameters
Output File Name                   : "UAL"
Output Format                      : NGC
Target Device                      : xc5vlx20t-1-ff323

---- Source Options
Top Module Name                    : UAL
Automatic FSM Extraction           : YES
FSM Encoding Algorithm             : Auto
Safe Implementation                : No
FSM Style                          : LUT
RAM Extraction                     : Yes
RAM Style                          : Auto
ROM Extraction                     : Yes
Mux Style                          : Auto
Decoder Extraction                 : YES
Priority Encoder Extraction        : Yes
Shift Register Extraction          : YES
Logical Shifter Extraction         : YES
XOR Collapsing                     : YES
ROM Style                          : Auto
Mux Extraction                     : Yes
Resource Sharing                   : YES
Asynchronous To Synchronous        : NO
Use DSP Block                      : Auto
Automatic Register Balancing       : No

---- Target Options
LUT Combining                      : Off
Reduce Control Sets                : Off
Add IO Buffers                     : YES
Global Maximum Fanout              : 100000
Add Generic Clock Buffer(BUFG)     : 32
Register Duplication               : YES
Slice Packing                      : YES
Optimize Instantiated Primitives   : NO
Use Clock Enable                   : Auto
Use Synchronous Set                : Auto
Use Synchronous Reset              : Auto
Pack IO Registers into IOBs        : Auto
Equivalent register Removal        : YES

---- General Options
Optimization Goal                  : Speed
Optimization Effort                : 1
Power Reduction                    : NO
Keep Hierarchy                     : No
Netlist Hierarchy                  : As_Optimized
RTL Output                         : Yes
Global Optimization                : AllClockNets
Read Cores                         : YES
Write Timing Constraints           : NO
Cross Clock Analysis               : NO
Hierarchy Separator                : /
Bus Delimiter                      : <>
Case Specifier                     : Maintain
Slice Utilization Ratio            : 100
BRAM Utilization Ratio             : 100
DSP48 Utilization Ratio            : 100
Verilog 2001                       : YES
Auto BRAM Packing                  : NO
Slice Utilization Ratio Delta      : 5

=========================================================================


=========================================================================
*                          HDL Compilation                              *
=========================================================================
Compiling vhdl file "C:/Users/Amine/Desktop/WorkSpace/Xilinx/TP_VHDL_Diviseur/UAL.vhd" in Library work.
Entity <UAL> compiled.
Entity <UAL> (Architecture <Arch_UAL>) compiled.

=========================================================================
*                     Design Hierarchy Analysis                         *
=========================================================================
Analyzing hierarchy for entity <UAL> in library <work> (architecture <Arch_UAL>).


=========================================================================
*                            HDL Analysis                               *
=========================================================================
Analyzing Entity <UAL> in library <work> (Architecture <Arch_UAL>).
Entity <UAL> analyzed. Unit <UAL> generated.


=========================================================================
*                           HDL Synthesis                               *
=========================================================================

Performing bidirectional port resolution...

Synthesizing Unit <UAL>.
    Related source file is "C:/Users/Amine/Desktop/WorkSpace/Xilinx/TP_VHDL_Diviseur/UAL.vhd".
    Found 8-bit addsub for signal <temp>.
    Summary:
	inferred   1 Adder/Subtractor(s).
Unit <UAL> synthesized.

INFO:Xst:1767 - HDL ADVISOR - Resource sharing has identified that some arithmetic operations in this design can share the same physical resources for reduced device utilization. For improved clock frequency you may try to disable resource sharing.

=========================================================================
HDL Synthesis Report

Macro Statistics
# Adders/Subtractors                                   : 1
 8-bit addsub                                          : 1

=========================================================================

=========================================================================
*                       Advanced HDL Synthesis                          *
=========================================================================


=========================================================================
Advanced HDL Synthesis Report

Macro Statistics
# Adders/Subtractors                                   : 1
 8-bit addsub                                          : 1

=========================================================================

=========================================================================
*                         Low Level Synthesis                           *
=========================================================================

Optimizing unit <UAL> ...

Mapping all equations...
Building and optimizing final netlist ...
Found area constraint ratio of 100 (+ 5) on block UAL, actual ratio is 0.

Final Macro Processing ...

=========================================================================
Final Register Report

Found no macro
=========================================================================

=========================================================================
*                           Partition Report                            *
=========================================================================

Partition Implementation Status
-------------------------------

  No Partitions were found in this design.

-------------------------------

=========================================================================
*                            Final Report                               *
=========================================================================
Final Results
RTL Top Level Output File Name     : UAL.ngr
Top Level Output File Name         : UAL
Output Format                      : NGC
Optimization Goal                  : Speed
Keep Hierarchy                     : No

Design Statistics
# IOs                              : 25

Cell Usage :
# BELS                             : 23
#      LUT3                        : 8
#      MUXCY                       : 7
#      XORCY                       : 8
# IO Buffers                       : 25
#      IBUF                        : 17
#      OBUF                        : 8
=========================================================================

Device utilization summary:
---------------------------

Selected Device : 5vlx20tff323-1 


Slice Logic Utilization: 
 Number of Slice LUTs:                    8  out of  12480     0%  
    Number used as Logic:                 8  out of  12480     0%  

Slice Logic Distribution: 
 Number of LUT Flip Flop pairs used:      8
   Number with an unused Flip Flop:       8  out of      8   100%  
   Number with an unused LUT:             0  out of      8     0%  
   Number of fully used LUT-FF pairs:     0  out of      8     0%  
   Number of unique control sets:         0

IO Utilization: 
 Number of IOs:                          25
 Number of bonded IOBs:                  25  out of    172    14%  

Specific Feature Utilization:

---------------------------
Partition Resource Summary:
---------------------------

  No Partitions were found in this design.

---------------------------


=========================================================================
TIMING REPORT

NOTE: THESE TIMING NUMBERS ARE ONLY A SYNTHESIS ESTIMATE.
      FOR ACCURATE TIMING INFORMATION PLEASE REFER TO THE TRACE REPORT
      GENERATED AFTER PLACE-and-ROUTE.

Clock Information:
------------------
No clock signals found in this design

Asynchronous Control Signals Information:
----------------------------------------
No asynchronous control signals found in this design

Timing Summary:
---------------
Speed Grade: -1

   Minimum period: No path found
   Minimum input arrival time before clock: No path found
   Maximum output required time after clock: No path found
   Maximum combinational path delay: 5.295ns

Timing Detail:
--------------
All values displayed in nanoseconds (ns)

=========================================================================
Timing constraint: Default path analysis
  Total number of paths / destination ports: 144 / 8
-------------------------------------------------------------------------
Delay:               5.295ns (Levels of Logic = 11)
  Source:            A<0> (PAD)
  Destination:       R<7> (PAD)

  Data Path: A<0> to R<7>
                                Gate     Net
    Cell:in->out      fanout   Delay   Delay  Logical Name (Net Name)
    ----------------------------------------  ------------
     IBUF:I->O             1   0.818   0.710  A_0_IBUF (A_0_IBUF)
     LUT3:I0->O            1   0.094   0.000  Maddsub_temp_lut<0> (Maddsub_temp_lut<0>)
     MUXCY:S->O            1   0.372   0.000  Maddsub_temp_cy<0> (Maddsub_temp_cy<0>)
     MUXCY:CI->O           1   0.026   0.000  Maddsub_temp_cy<1> (Maddsub_temp_cy<1>)
     MUXCY:CI->O           1   0.026   0.000  Maddsub_temp_cy<2> (Maddsub_temp_cy<2>)
     MUXCY:CI->O           1   0.026   0.000  Maddsub_temp_cy<3> (Maddsub_temp_cy<3>)
     MUXCY:CI->O           1   0.026   0.000  Maddsub_temp_cy<4> (Maddsub_temp_cy<4>)
     MUXCY:CI->O           1   0.026   0.000  Maddsub_temp_cy<5> (Maddsub_temp_cy<5>)
     MUXCY:CI->O           0   0.026   0.000  Maddsub_temp_cy<6> (Maddsub_temp_cy<6>)
     XORCY:CI->O           1   0.357   0.336  Maddsub_temp_xor<7> (R_7_OBUF)
     OBUF:I->O                 2.452          R_7_OBUF (R<7>)
    ----------------------------------------
    Total                      5.295ns (4.249ns logic, 1.046ns route)
                                       (80.2% logic, 19.8% route)

=========================================================================


Total REAL time to Xst completion: 20.00 secs
Total CPU time to Xst completion: 20.67 secs
 
--> 

Total memory usage is 278168 kilobytes

Number of errors   :    0 (   0 filtered)
Number of warnings :    0 (   0 filtered)
Number of infos    :    1 (   0 filtered)

